<?xml version="1.0" encoding="UTF-8"?>
<Site BuildName="(empty)"
	BuildStamp="20250421-0106-Experimental"
	Name="jelly"
	Generator="ctest-3.28.3"
	CompilerName="/usr/bin/aarch64-linux-gnu-g++"
	CompilerVersion="13.3.0"
	OSName="Linux"
	Hostname="jelly"
	OSRelease="6.8.0-1020-raspi"
	OSVersion="#24-Ubuntu SMP PREEMPT_DYNAMIC Sun Feb 23 08:39:32 UTC 2025"
	OSPlatform="aarch64"
	Is64Bits="1"
	VendorString=""
	VendorID="Unknown Manufacturer"
	FamilyID="8"
	ModelID="0"
	ProcessorCacheSize="0"
	NumberOfLogicalCPU="4"
	NumberOfPhysicalCPU="1"
	TotalVirtualMemory="1023"
	TotalPhysicalMemory="7937"
	LogicalProcessorsPerPhysical="4"
	ProcessorClockFrequency="0"
	>
	<Testing>
		<StartDateTime>Apr 20 18:09 PDT</StartDateTime>
		<StartTestTime>1745197749</StartTestTime>
		<TestList/>
		<EndDateTime>Apr 20 18:09 PDT</EndDateTime>
		<EndTestTime>1745197749</EndTestTime>
		<ElapsedMinutes>0</ElapsedMinutes>
	</Testing>
</Site>
